[0.017s] Invoking command in '/home/lazywsl/RobotOperatingSystem2-WSL2/ROS2/bumpberbot_ws/build/bumperbot_description': CMAKE_PREFIX_PATH=/opt/ros/humble PS1=(lazywsl) \[\e]0;\u@\h: \w\a\]${debian_chroot:+($debian_chroot)}\[\033[01;32m\]\u@\h\[\033[00m\]:\[\033[01;34m\]\w\[\033[00m\]\$ /usr/bin/cmake --build /home/lazywsl/RobotOperatingSystem2-WSL2/ROS2/bumpberbot_ws/build/bumperbot_description -- -j12 -l12
[0.236s] Invoked command in '/home/lazywsl/RobotOperatingSystem2-WSL2/ROS2/bumpberbot_ws/build/bumperbot_description' returned '0': CMAKE_PREFIX_PATH=/opt/ros/humble PS1=(lazywsl) \[\e]0;\u@\h: \w\a\]${debian_chroot:+($debian_chroot)}\[\033[01;32m\]\u@\h\[\033[00m\]:\[\033[01;34m\]\w\[\033[00m\]\$ /usr/bin/cmake --build /home/lazywsl/RobotOperatingSystem2-WSL2/ROS2/bumpberbot_ws/build/bumperbot_description -- -j12 -l12
[0.238s] Invoking command in '/home/lazywsl/RobotOperatingSystem2-WSL2/ROS2/bumpberbot_ws/build/bumperbot_description': CMAKE_PREFIX_PATH=/opt/ros/humble PS1=(lazywsl) \[\e]0;\u@\h: \w\a\]${debian_chroot:+($debian_chroot)}\[\033[01;32m\]\u@\h\[\033[00m\]:\[\033[01;34m\]\w\[\033[00m\]\$ /usr/bin/cmake --install /home/lazywsl/RobotOperatingSystem2-WSL2/ROS2/bumpberbot_ws/build/bumperbot_description
[0.245s] -- Install configuration: ""
[0.245s] -- Up-to-date: /home/lazywsl/RobotOperatingSystem2-WSL2/ROS2/bumpberbot_ws/install/bumperbot_description/share/bumperbot_description/meshes
[0.245s] -- Up-to-date: /home/lazywsl/RobotOperatingSystem2-WSL2/ROS2/bumpberbot_ws/install/bumperbot_description/share/bumperbot_description/meshes/caster_front_link.STL
[0.246s] -- Up-to-date: /home/lazywsl/RobotOperatingSystem2-WSL2/ROS2/bumpberbot_ws/install/bumperbot_description/share/bumperbot_description/meshes/base_link.STL
[0.246s] -- Up-to-date: /home/lazywsl/RobotOperatingSystem2-WSL2/ROS2/bumpberbot_ws/install/bumperbot_description/share/bumperbot_description/meshes/caster_rear_link.STL
[0.246s] -- Up-to-date: /home/lazywsl/RobotOperatingSystem2-WSL2/ROS2/bumpberbot_ws/install/bumperbot_description/share/bumperbot_description/meshes/wheel_right_link.STL
[0.246s] -- Up-to-date: /home/lazywsl/RobotOperatingSystem2-WSL2/ROS2/bumpberbot_ws/install/bumperbot_description/share/bumperbot_description/meshes/wheel_left_link.STL
[0.246s] -- Up-to-date: /home/lazywsl/RobotOperatingSystem2-WSL2/ROS2/bumpberbot_ws/install/bumperbot_description/share/bumperbot_description/meshes/imu_link.STL
[0.246s] -- Up-to-date: /home/lazywsl/RobotOperatingSystem2-WSL2/ROS2/bumpberbot_ws/install/bumperbot_description/share/bumperbot_description/urdf
[0.246s] -- Up-to-date: /home/lazywsl/RobotOperatingSystem2-WSL2/ROS2/bumpberbot_ws/install/bumperbot_description/share/bumperbot_description/urdf/bumperbot.urdf
[0.247s] -- Up-to-date: /home/lazywsl/RobotOperatingSystem2-WSL2/ROS2/bumpberbot_ws/install/bumperbot_description/share/bumperbot_description/urdf/bumperbot.urdf.xacro
[0.247s] -- Up-to-date: /home/lazywsl/RobotOperatingSystem2-WSL2/ROS2/bumpberbot_ws/install/bumperbot_description/share/bumperbot_description/launch
[0.247s] -- Up-to-date: /home/lazywsl/RobotOperatingSystem2-WSL2/ROS2/bumpberbot_ws/install/bumperbot_description/share/bumperbot_description/launch/display.launch.py
[0.247s] [31mCMake Error at cmake_install.cmake:46 (file):
[0.247s]   file INSTALL cannot find
[0.247s]   "/home/lazywsl/RobotOperatingSystem2-WSL2/ROS2/bumpberbot_ws/src/bumperbot_description/rviz":
[0.247s]   No such file or directory.
[0.247s] 
[0.247s] [0m
[0.268s] Invoked command in '/home/lazywsl/RobotOperatingSystem2-WSL2/ROS2/bumpberbot_ws/build/bumperbot_description' returned '1': CMAKE_PREFIX_PATH=/opt/ros/humble PS1=(lazywsl) \[\e]0;\u@\h: \w\a\]${debian_chroot:+($debian_chroot)}\[\033[01;32m\]\u@\h\[\033[00m\]:\[\033[01;34m\]\w\[\033[00m\]\$ /usr/bin/cmake --install /home/lazywsl/RobotOperatingSystem2-WSL2/ROS2/bumpberbot_ws/build/bumperbot_description
