[0.677s] Invoking command in '/home/lazywsl/RobotOperatingSystem2-WSL2/ROS2/bumpberbot_ws/src/bumperbot_py_examples': PS1=(lazywsl) \[\e]0;\u@\h: \w\a\]${debian_chroot:+($debian_chroot)}\[\033[01;32m\]\u@\h\[\033[00m\]:\[\033[01;34m\]\w\[\033[00m\]\$ PYTHONPATH=/home/lazywsl/RobotOperatingSystem2-WSL2/ROS2/bumpberbot_ws/build/bumperbot_py_examples/prefix_override:/usr/lib/python3/dist-packages/colcon_core/task/python/colcon_distutils_commands:/home/lazywsl/RobotOperatingSystem2-WSL2/ROS2/bumpberbot_ws/install/bumperbot_py_examples/lib/python3.10/site-packages:${PYTHONPATH} /usr/bin/python3 -W ignore:setup.py install is deprecated -W ignore:easy_install command is deprecated setup.py egg_info --egg-base ../../build/bumperbot_py_examples build --build-base /home/lazywsl/RobotOperatingSystem2-WSL2/ROS2/bumpberbot_ws/build/bumperbot_py_examples/build install --record /home/lazywsl/RobotOperatingSystem2-WSL2/ROS2/bumpberbot_ws/build/bumperbot_py_examples/install.log --single-version-externally-managed install_data
[0.888s] running egg_info
[0.888s] creating ../../build/bumperbot_py_examples/bumperbot_py_examples.egg-info
[0.889s] writing ../../build/bumperbot_py_examples/bumperbot_py_examples.egg-info/PKG-INFO
[0.889s] writing dependency_links to ../../build/bumperbot_py_examples/bumperbot_py_examples.egg-info/dependency_links.txt
[0.889s] writing entry points to ../../build/bumperbot_py_examples/bumperbot_py_examples.egg-info/entry_points.txt
[0.890s] writing requirements to ../../build/bumperbot_py_examples/bumperbot_py_examples.egg-info/requires.txt
[0.890s] writing top-level names to ../../build/bumperbot_py_examples/bumperbot_py_examples.egg-info/top_level.txt
[0.890s] writing manifest file '../../build/bumperbot_py_examples/bumperbot_py_examples.egg-info/SOURCES.txt'
[0.891s] reading manifest file '../../build/bumperbot_py_examples/bumperbot_py_examples.egg-info/SOURCES.txt'
[0.892s] writing manifest file '../../build/bumperbot_py_examples/bumperbot_py_examples.egg-info/SOURCES.txt'
[0.892s] running build
[0.892s] running build_py
[0.892s] creating /home/lazywsl/RobotOperatingSystem2-WSL2/ROS2/bumpberbot_ws/build/bumperbot_py_examples/build
[0.893s] creating /home/lazywsl/RobotOperatingSystem2-WSL2/ROS2/bumpberbot_ws/build/bumperbot_py_examples/build/lib
[0.893s] creating /home/lazywsl/RobotOperatingSystem2-WSL2/ROS2/bumpberbot_ws/build/bumperbot_py_examples/build/lib/bumperbot_py_examples
[0.893s] copying bumperbot_py_examples/simple_publisher.py -> /home/lazywsl/RobotOperatingSystem2-WSL2/ROS2/bumpberbot_ws/build/bumperbot_py_examples/build/lib/bumperbot_py_examples
[0.894s] copying bumperbot_py_examples/simple_subscriber.py -> /home/lazywsl/RobotOperatingSystem2-WSL2/ROS2/bumpberbot_ws/build/bumperbot_py_examples/build/lib/bumperbot_py_examples
[0.894s] copying bumperbot_py_examples/simple_parameter.py -> /home/lazywsl/RobotOperatingSystem2-WSL2/ROS2/bumpberbot_ws/build/bumperbot_py_examples/build/lib/bumperbot_py_examples
[0.894s] copying bumperbot_py_examples/__init__.py -> /home/lazywsl/RobotOperatingSystem2-WSL2/ROS2/bumpberbot_ws/build/bumperbot_py_examples/build/lib/bumperbot_py_examples
[0.894s] running install
[0.896s] running install_lib
[0.896s] creating /home/lazywsl/RobotOperatingSystem2-WSL2/ROS2/bumpberbot_ws/install/bumperbot_py_examples/lib/python3.10/site-packages/bumperbot_py_examples
[0.896s] copying /home/lazywsl/RobotOperatingSystem2-WSL2/ROS2/bumpberbot_ws/build/bumperbot_py_examples/build/lib/bumperbot_py_examples/simple_publisher.py -> /home/lazywsl/RobotOperatingSystem2-WSL2/ROS2/bumpberbot_ws/install/bumperbot_py_examples/lib/python3.10/site-packages/bumperbot_py_examples
[0.897s] copying /home/lazywsl/RobotOperatingSystem2-WSL2/ROS2/bumpberbot_ws/build/bumperbot_py_examples/build/lib/bumperbot_py_examples/simple_subscriber.py -> /home/lazywsl/RobotOperatingSystem2-WSL2/ROS2/bumpberbot_ws/install/bumperbot_py_examples/lib/python3.10/site-packages/bumperbot_py_examples
[0.897s] copying /home/lazywsl/RobotOperatingSystem2-WSL2/ROS2/bumpberbot_ws/build/bumperbot_py_examples/build/lib/bumperbot_py_examples/simple_parameter.py -> /home/lazywsl/RobotOperatingSystem2-WSL2/ROS2/bumpberbot_ws/install/bumperbot_py_examples/lib/python3.10/site-packages/bumperbot_py_examples
[0.897s] copying /home/lazywsl/RobotOperatingSystem2-WSL2/ROS2/bumpberbot_ws/build/bumperbot_py_examples/build/lib/bumperbot_py_examples/__init__.py -> /home/lazywsl/RobotOperatingSystem2-WSL2/ROS2/bumpberbot_ws/install/bumperbot_py_examples/lib/python3.10/site-packages/bumperbot_py_examples
[0.897s] byte-compiling /home/lazywsl/RobotOperatingSystem2-WSL2/ROS2/bumpberbot_ws/install/bumperbot_py_examples/lib/python3.10/site-packages/bumperbot_py_examples/simple_publisher.py to simple_publisher.cpython-310.pyc
[0.898s] byte-compiling /home/lazywsl/RobotOperatingSystem2-WSL2/ROS2/bumpberbot_ws/install/bumperbot_py_examples/lib/python3.10/site-packages/bumperbot_py_examples/simple_subscriber.py to simple_subscriber.cpython-310.pyc
[0.899s] byte-compiling /home/lazywsl/RobotOperatingSystem2-WSL2/ROS2/bumpberbot_ws/install/bumperbot_py_examples/lib/python3.10/site-packages/bumperbot_py_examples/simple_parameter.py to simple_parameter.cpython-310.pyc
[0.899s] byte-compiling /home/lazywsl/RobotOperatingSystem2-WSL2/ROS2/bumpberbot_ws/install/bumperbot_py_examples/lib/python3.10/site-packages/bumperbot_py_examples/__init__.py to __init__.cpython-310.pyc
[0.899s] running install_data
[0.899s] creating /home/lazywsl/RobotOperatingSystem2-WSL2/ROS2/bumpberbot_ws/install/bumperbot_py_examples/share/ament_index
[0.899s] creating /home/lazywsl/RobotOperatingSystem2-WSL2/ROS2/bumpberbot_ws/install/bumperbot_py_examples/share/ament_index/resource_index
[0.900s] creating /home/lazywsl/RobotOperatingSystem2-WSL2/ROS2/bumpberbot_ws/install/bumperbot_py_examples/share/ament_index/resource_index/packages
[0.900s] copying resource/bumperbot_py_examples -> /home/lazywsl/RobotOperatingSystem2-WSL2/ROS2/bumpberbot_ws/install/bumperbot_py_examples/share/ament_index/resource_index/packages
[0.900s] copying package.xml -> /home/lazywsl/RobotOperatingSystem2-WSL2/ROS2/bumpberbot_ws/install/bumperbot_py_examples/share/bumperbot_py_examples
[0.900s] running install_egg_info
[0.902s] Copying ../../build/bumperbot_py_examples/bumperbot_py_examples.egg-info to /home/lazywsl/RobotOperatingSystem2-WSL2/ROS2/bumpberbot_ws/install/bumperbot_py_examples/lib/python3.10/site-packages/bumperbot_py_examples-0.0.0-py3.10.egg-info
[0.903s] running install_scripts
[0.919s] Installing simple_parameter script to /home/lazywsl/RobotOperatingSystem2-WSL2/ROS2/bumpberbot_ws/install/bumperbot_py_examples/lib/bumperbot_py_examples
[0.920s] Installing simple_publisher script to /home/lazywsl/RobotOperatingSystem2-WSL2/ROS2/bumpberbot_ws/install/bumperbot_py_examples/lib/bumperbot_py_examples
[0.920s] Installing simple_subscriber script to /home/lazywsl/RobotOperatingSystem2-WSL2/ROS2/bumpberbot_ws/install/bumperbot_py_examples/lib/bumperbot_py_examples
[0.920s] writing list of installed files to '/home/lazywsl/RobotOperatingSystem2-WSL2/ROS2/bumpberbot_ws/build/bumperbot_py_examples/install.log'
[0.942s] Invoked command in '/home/lazywsl/RobotOperatingSystem2-WSL2/ROS2/bumpberbot_ws/src/bumperbot_py_examples' returned '0': PS1=(lazywsl) \[\e]0;\u@\h: \w\a\]${debian_chroot:+($debian_chroot)}\[\033[01;32m\]\u@\h\[\033[00m\]:\[\033[01;34m\]\w\[\033[00m\]\$ PYTHONPATH=/home/lazywsl/RobotOperatingSystem2-WSL2/ROS2/bumpberbot_ws/build/bumperbot_py_examples/prefix_override:/usr/lib/python3/dist-packages/colcon_core/task/python/colcon_distutils_commands:/home/lazywsl/RobotOperatingSystem2-WSL2/ROS2/bumpberbot_ws/install/bumperbot_py_examples/lib/python3.10/site-packages:${PYTHONPATH} /usr/bin/python3 -W ignore:setup.py install is deprecated -W ignore:easy_install command is deprecated setup.py egg_info --egg-base ../../build/bumperbot_py_examples build --build-base /home/lazywsl/RobotOperatingSystem2-WSL2/ROS2/bumpberbot_ws/build/bumperbot_py_examples/build install --record /home/lazywsl/RobotOperatingSystem2-WSL2/ROS2/bumpberbot_ws/build/bumperbot_py_examples/install.log --single-version-externally-managed install_data
