[0.019s] Invoking command in '/home/lazywsl/RobotOperatingSystem2-WSL2/ROS2/bumpberbot_ws/build/bumperbot_description': CMAKE_PREFIX_PATH=/opt/ros/humble PS1=(lazywsl) \[\e]0;\u@\h: \w\a\]${debian_chroot:+($debian_chroot)}\[\033[01;32m\]\u@\h\[\033[00m\]:\[\033[01;34m\]\w\[\033[00m\]\$ /usr/bin/cmake --build /home/lazywsl/RobotOperatingSystem2-WSL2/ROS2/bumpberbot_ws/build/bumperbot_description -- -j12 -l12
[0.222s] Invoked command in '/home/lazywsl/RobotOperatingSystem2-WSL2/ROS2/bumpberbot_ws/build/bumperbot_description' returned '0': CMAKE_PREFIX_PATH=/opt/ros/humble PS1=(lazywsl) \[\e]0;\u@\h: \w\a\]${debian_chroot:+($debian_chroot)}\[\033[01;32m\]\u@\h\[\033[00m\]:\[\033[01;34m\]\w\[\033[00m\]\$ /usr/bin/cmake --build /home/lazywsl/RobotOperatingSystem2-WSL2/ROS2/bumpberbot_ws/build/bumperbot_description -- -j12 -l12
[0.232s] Invoking command in '/home/lazywsl/RobotOperatingSystem2-WSL2/ROS2/bumpberbot_ws/build/bumperbot_description': CMAKE_PREFIX_PATH=/opt/ros/humble PS1=(lazywsl) \[\e]0;\u@\h: \w\a\]${debian_chroot:+($debian_chroot)}\[\033[01;32m\]\u@\h\[\033[00m\]:\[\033[01;34m\]\w\[\033[00m\]\$ /usr/bin/cmake --install /home/lazywsl/RobotOperatingSystem2-WSL2/ROS2/bumpberbot_ws/build/bumperbot_description
[0.239s] -- Install configuration: ""
[0.239s] -- Up-to-date: /home/lazywsl/RobotOperatingSystem2-WSL2/ROS2/bumpberbot_ws/install/bumperbot_description/share/bumperbot_description/meshes
[0.239s] -- Up-to-date: /home/lazywsl/RobotOperatingSystem2-WSL2/ROS2/bumpberbot_ws/install/bumperbot_description/share/bumperbot_description/meshes/caster_front_link.STL
[0.240s] -- Up-to-date: /home/lazywsl/RobotOperatingSystem2-WSL2/ROS2/bumpberbot_ws/install/bumperbot_description/share/bumperbot_description/meshes/base_link.STL
[0.240s] -- Up-to-date: /home/lazywsl/RobotOperatingSystem2-WSL2/ROS2/bumpberbot_ws/install/bumperbot_description/share/bumperbot_description/meshes/caster_rear_link.STL
[0.240s] -- Up-to-date: /home/lazywsl/RobotOperatingSystem2-WSL2/ROS2/bumpberbot_ws/install/bumperbot_description/share/bumperbot_description/meshes/wheel_right_link.STL
[0.240s] -- Up-to-date: /home/lazywsl/RobotOperatingSystem2-WSL2/ROS2/bumpberbot_ws/install/bumperbot_description/share/bumperbot_description/meshes/wheel_left_link.STL
[0.240s] -- Up-to-date: /home/lazywsl/RobotOperatingSystem2-WSL2/ROS2/bumpberbot_ws/install/bumperbot_description/share/bumperbot_description/meshes/imu_link.STL
[0.240s] -- Up-to-date: /home/lazywsl/RobotOperatingSystem2-WSL2/ROS2/bumpberbot_ws/install/bumperbot_description/share/bumperbot_description/urdf
[0.241s] -- Up-to-date: /home/lazywsl/RobotOperatingSystem2-WSL2/ROS2/bumpberbot_ws/install/bumperbot_description/share/bumperbot_description/urdf/bumperbot.urdf
[0.241s] -- Up-to-date: /home/lazywsl/RobotOperatingSystem2-WSL2/ROS2/bumpberbot_ws/install/bumperbot_description/share/bumperbot_description/urdf/bumperbot.urdf.xacro
[0.241s] -- Up-to-date: /home/lazywsl/RobotOperatingSystem2-WSL2/ROS2/bumpberbot_ws/install/bumperbot_description/share/bumperbot_description/launch
[0.241s] -- Installing: /home/lazywsl/RobotOperatingSystem2-WSL2/ROS2/bumpberbot_ws/install/bumperbot_description/share/bumperbot_description/launch/display.launch.py
[0.241s] -- Up-to-date: /home/lazywsl/RobotOperatingSystem2-WSL2/ROS2/bumpberbot_ws/install/bumperbot_description/share/bumperbot_description/rviz
[0.242s] -- Up-to-date: /home/lazywsl/RobotOperatingSystem2-WSL2/ROS2/bumpberbot_ws/install/bumperbot_description/share/bumperbot_description/rviz/dsiplay.rviz
[0.242s] -- Up-to-date: /home/lazywsl/RobotOperatingSystem2-WSL2/ROS2/bumpberbot_ws/install/bumperbot_description/share/ament_index/resource_index/package_run_dependencies/bumperbot_description
[0.242s] -- Up-to-date: /home/lazywsl/RobotOperatingSystem2-WSL2/ROS2/bumpberbot_ws/install/bumperbot_description/share/ament_index/resource_index/parent_prefix_path/bumperbot_description
[0.242s] -- Up-to-date: /home/lazywsl/RobotOperatingSystem2-WSL2/ROS2/bumpberbot_ws/install/bumperbot_description/share/bumperbot_description/environment/ament_prefix_path.sh
[0.242s] -- Up-to-date: /home/lazywsl/RobotOperatingSystem2-WSL2/ROS2/bumpberbot_ws/install/bumperbot_description/share/bumperbot_description/environment/ament_prefix_path.dsv
[0.242s] -- Up-to-date: /home/lazywsl/RobotOperatingSystem2-WSL2/ROS2/bumpberbot_ws/install/bumperbot_description/share/bumperbot_description/environment/path.sh
[0.242s] -- Up-to-date: /home/lazywsl/RobotOperatingSystem2-WSL2/ROS2/bumpberbot_ws/install/bumperbot_description/share/bumperbot_description/environment/path.dsv
[0.243s] -- Up-to-date: /home/lazywsl/RobotOperatingSystem2-WSL2/ROS2/bumpberbot_ws/install/bumperbot_description/share/bumperbot_description/local_setup.bash
[0.243s] -- Up-to-date: /home/lazywsl/RobotOperatingSystem2-WSL2/ROS2/bumpberbot_ws/install/bumperbot_description/share/bumperbot_description/local_setup.sh
[0.243s] -- Up-to-date: /home/lazywsl/RobotOperatingSystem2-WSL2/ROS2/bumpberbot_ws/install/bumperbot_description/share/bumperbot_description/local_setup.zsh
[0.243s] -- Up-to-date: /home/lazywsl/RobotOperatingSystem2-WSL2/ROS2/bumpberbot_ws/install/bumperbot_description/share/bumperbot_description/local_setup.dsv
[0.243s] -- Installing: /home/lazywsl/RobotOperatingSystem2-WSL2/ROS2/bumpberbot_ws/install/bumperbot_description/share/bumperbot_description/package.dsv
[0.243s] -- Up-to-date: /home/lazywsl/RobotOperatingSystem2-WSL2/ROS2/bumpberbot_ws/install/bumperbot_description/share/ament_index/resource_index/packages/bumperbot_description
[0.244s] -- Up-to-date: /home/lazywsl/RobotOperatingSystem2-WSL2/ROS2/bumpberbot_ws/install/bumperbot_description/share/bumperbot_description/cmake/bumperbot_descriptionConfig.cmake
[0.244s] -- Up-to-date: /home/lazywsl/RobotOperatingSystem2-WSL2/ROS2/bumpberbot_ws/install/bumperbot_description/share/bumperbot_description/cmake/bumperbot_descriptionConfig-version.cmake
[0.246s] -- Up-to-date: /home/lazywsl/RobotOperatingSystem2-WSL2/ROS2/bumpberbot_ws/install/bumperbot_description/share/bumperbot_description/package.xml
[0.260s] Invoked command in '/home/lazywsl/RobotOperatingSystem2-WSL2/ROS2/bumpberbot_ws/build/bumperbot_description' returned '0': CMAKE_PREFIX_PATH=/opt/ros/humble PS1=(lazywsl) \[\e]0;\u@\h: \w\a\]${debian_chroot:+($debian_chroot)}\[\033[01;32m\]\u@\h\[\033[00m\]:\[\033[01;34m\]\w\[\033[00m\]\$ /usr/bin/cmake --install /home/lazywsl/RobotOperatingSystem2-WSL2/ROS2/bumpberbot_ws/build/bumperbot_description
