[0.017s] Invoking command in '/home/lazywsl/RobotOperatingSystem2-WSL2/ROS2/bumpberbot_ws/build/bumperbot_cpp_examples': CMAKE_PREFIX_PATH=${CMAKE_PREFIX_PATH}:/home/lazywsl/RobotOperatingSystem2-WSL2/ROS2/bumpberbot_ws/install/bumperbot_py_examples:/opt/ros/humble PS1=(lazywsl) \[\e]0;\u@\h: \w\a\]${debian_chroot:+($debian_chroot)}\[\033[01;32m\]\u@\h\[\033[00m\]:\[\033[01;34m\]\w\[\033[00m\]\$ /usr/bin/cmake --build /home/lazywsl/RobotOperatingSystem2-WSL2/ROS2/bumpberbot_ws/build/bumperbot_cpp_examples -- -j12 -l12
[0.236s] Invoked command in '/home/lazywsl/RobotOperatingSystem2-WSL2/ROS2/bumpberbot_ws/build/bumperbot_cpp_examples' returned '0': CMAKE_PREFIX_PATH=${CMAKE_PREFIX_PATH}:/home/lazywsl/RobotOperatingSystem2-WSL2/ROS2/bumpberbot_ws/install/bumperbot_py_examples:/opt/ros/humble PS1=(lazywsl) \[\e]0;\u@\h: \w\a\]${debian_chroot:+($debian_chroot)}\[\033[01;32m\]\u@\h\[\033[00m\]:\[\033[01;34m\]\w\[\033[00m\]\$ /usr/bin/cmake --build /home/lazywsl/RobotOperatingSystem2-WSL2/ROS2/bumpberbot_ws/build/bumperbot_cpp_examples -- -j12 -l12
[0.238s] Invoking command in '/home/lazywsl/RobotOperatingSystem2-WSL2/ROS2/bumpberbot_ws/build/bumperbot_cpp_examples': CMAKE_PREFIX_PATH=${CMAKE_PREFIX_PATH}:/home/lazywsl/RobotOperatingSystem2-WSL2/ROS2/bumpberbot_ws/install/bumperbot_py_examples:/opt/ros/humble PS1=(lazywsl) \[\e]0;\u@\h: \w\a\]${debian_chroot:+($debian_chroot)}\[\033[01;32m\]\u@\h\[\033[00m\]:\[\033[01;34m\]\w\[\033[00m\]\$ /usr/bin/cmake --install /home/lazywsl/RobotOperatingSystem2-WSL2/ROS2/bumpberbot_ws/build/bumperbot_cpp_examples
[0.245s] -- Install configuration: ""
[0.247s] -- Up-to-date: /home/lazywsl/RobotOperatingSystem2-WSL2/ROS2/bumpberbot_ws/install/bumperbot_cpp_examples/share/ament_index/resource_index/package_run_dependencies/bumperbot_cpp_examples
[0.247s] -- Up-to-date: /home/lazywsl/RobotOperatingSystem2-WSL2/ROS2/bumpberbot_ws/install/bumperbot_cpp_examples/share/ament_index/resource_index/parent_prefix_path/bumperbot_cpp_examples
[0.247s] -- Up-to-date: /home/lazywsl/RobotOperatingSystem2-WSL2/ROS2/bumpberbot_ws/install/bumperbot_cpp_examples/share/bumperbot_cpp_examples/environment/ament_prefix_path.sh
[0.247s] -- Up-to-date: /home/lazywsl/RobotOperatingSystem2-WSL2/ROS2/bumpberbot_ws/install/bumperbot_cpp_examples/share/bumperbot_cpp_examples/environment/ament_prefix_path.dsv
[0.247s] -- Up-to-date: /home/lazywsl/RobotOperatingSystem2-WSL2/ROS2/bumpberbot_ws/install/bumperbot_cpp_examples/share/bumperbot_cpp_examples/environment/path.sh
[0.247s] -- Up-to-date: /home/lazywsl/RobotOperatingSystem2-WSL2/ROS2/bumpberbot_ws/install/bumperbot_cpp_examples/share/bumperbot_cpp_examples/environment/path.dsv
[0.248s] -- Up-to-date: /home/lazywsl/RobotOperatingSystem2-WSL2/ROS2/bumpberbot_ws/install/bumperbot_cpp_examples/share/bumperbot_cpp_examples/local_setup.bash
[0.248s] -- Up-to-date: /home/lazywsl/RobotOperatingSystem2-WSL2/ROS2/bumpberbot_ws/install/bumperbot_cpp_examples/share/bumperbot_cpp_examples/local_setup.sh
[0.248s] -- Up-to-date: /home/lazywsl/RobotOperatingSystem2-WSL2/ROS2/bumpberbot_ws/install/bumperbot_cpp_examples/share/bumperbot_cpp_examples/local_setup.zsh
[0.248s] -- Up-to-date: /home/lazywsl/RobotOperatingSystem2-WSL2/ROS2/bumpberbot_ws/install/bumperbot_cpp_examples/share/bumperbot_cpp_examples/local_setup.dsv
[0.248s] -- Installing: /home/lazywsl/RobotOperatingSystem2-WSL2/ROS2/bumpberbot_ws/install/bumperbot_cpp_examples/share/bumperbot_cpp_examples/package.dsv
[0.248s] -- Up-to-date: /home/lazywsl/RobotOperatingSystem2-WSL2/ROS2/bumpberbot_ws/install/bumperbot_cpp_examples/share/ament_index/resource_index/packages/bumperbot_cpp_examples
[0.248s] -- Up-to-date: /home/lazywsl/RobotOperatingSystem2-WSL2/ROS2/bumpberbot_ws/install/bumperbot_cpp_examples/share/bumperbot_cpp_examples/cmake/bumperbot_cpp_examplesConfig.cmake
[0.249s] -- Up-to-date: /home/lazywsl/RobotOperatingSystem2-WSL2/ROS2/bumpberbot_ws/install/bumperbot_cpp_examples/share/bumperbot_cpp_examples/cmake/bumperbot_cpp_examplesConfig-version.cmake
[0.249s] -- Up-to-date: /home/lazywsl/RobotOperatingSystem2-WSL2/ROS2/bumpberbot_ws/install/bumperbot_cpp_examples/share/bumperbot_cpp_examples/package.xml
[0.262s] Invoked command in '/home/lazywsl/RobotOperatingSystem2-WSL2/ROS2/bumpberbot_ws/build/bumperbot_cpp_examples' returned '0': CMAKE_PREFIX_PATH=${CMAKE_PREFIX_PATH}:/home/lazywsl/RobotOperatingSystem2-WSL2/ROS2/bumpberbot_ws/install/bumperbot_py_examples:/opt/ros/humble PS1=(lazywsl) \[\e]0;\u@\h: \w\a\]${debian_chroot:+($debian_chroot)}\[\033[01;32m\]\u@\h\[\033[00m\]:\[\033[01;34m\]\w\[\033[00m\]\$ /usr/bin/cmake --install /home/lazywsl/RobotOperatingSystem2-WSL2/ROS2/bumpberbot_ws/build/bumperbot_cpp_examples
