[0.017s] Invoking command in '/home/lazywsl/RobotOperatingSystem2-WSL2/ROS2/bumpberbot_ws/build/bumperbot_description': CMAKE_PREFIX_PATH=/opt/ros/humble PS1=(lazywsl) \[\e]0;\u@\h: \w\a\]${debian_chroot:+($debian_chroot)}\[\033[01;32m\]\u@\h\[\033[00m\]:\[\033[01;34m\]\w\[\033[00m\]\$ /usr/bin/cmake --build /home/lazywsl/RobotOperatingSystem2-WSL2/ROS2/bumpberbot_ws/build/bumperbot_description -- -j12 -l12
[0.107s] -- Found ament_cmake: 1.3.12 (/opt/ros/humble/share/ament_cmake/cmake)
[0.256s] -- Found ament_lint_auto: 0.12.14 (/opt/ros/humble/share/ament_lint_auto/cmake)
[0.362s] -- Added test 'cppcheck' to perform static code analysis on C / C++ code
[0.362s] -- Configured cppcheck include dirs: 
[0.362s] -- Configured cppcheck exclude dirs and/or files: 
[0.364s] -- Added test 'flake8' to check Python code syntax and style conventions
[0.367s] -- Added test 'lint_cmake' to check CMake code style
[0.369s] -- Added test 'pep257' to check Python code against some of the docstring style conventions in PEP 257
[0.381s] -- Added test 'uncrustify' to check C / C++ code style
[0.381s] -- Configured uncrustify additional arguments: 
[0.383s] -- Added test 'xmllint' to check XML markup files
[0.384s] -- Configuring done
[0.390s] -- Generating done
[0.392s] -- Build files have been written to: /home/lazywsl/RobotOperatingSystem2-WSL2/ROS2/bumpberbot_ws/build/bumperbot_description
[0.413s] Invoked command in '/home/lazywsl/RobotOperatingSystem2-WSL2/ROS2/bumpberbot_ws/build/bumperbot_description' returned '0': CMAKE_PREFIX_PATH=/opt/ros/humble PS1=(lazywsl) \[\e]0;\u@\h: \w\a\]${debian_chroot:+($debian_chroot)}\[\033[01;32m\]\u@\h\[\033[00m\]:\[\033[01;34m\]\w\[\033[00m\]\$ /usr/bin/cmake --build /home/lazywsl/RobotOperatingSystem2-WSL2/ROS2/bumpberbot_ws/build/bumperbot_description -- -j12 -l12
[0.416s] Invoking command in '/home/lazywsl/RobotOperatingSystem2-WSL2/ROS2/bumpberbot_ws/build/bumperbot_description': CMAKE_PREFIX_PATH=/opt/ros/humble PS1=(lazywsl) \[\e]0;\u@\h: \w\a\]${debian_chroot:+($debian_chroot)}\[\033[01;32m\]\u@\h\[\033[00m\]:\[\033[01;34m\]\w\[\033[00m\]\$ /usr/bin/cmake --install /home/lazywsl/RobotOperatingSystem2-WSL2/ROS2/bumpberbot_ws/build/bumperbot_description
[0.422s] -- Install configuration: ""
[0.422s] -- Up-to-date: /home/lazywsl/RobotOperatingSystem2-WSL2/ROS2/bumpberbot_ws/install/bumperbot_description/share/bumperbot_description/meshes
[0.422s] -- Up-to-date: /home/lazywsl/RobotOperatingSystem2-WSL2/ROS2/bumpberbot_ws/install/bumperbot_description/share/bumperbot_description/meshes/caster_front_link.STL
[0.423s] -- Up-to-date: /home/lazywsl/RobotOperatingSystem2-WSL2/ROS2/bumpberbot_ws/install/bumperbot_description/share/bumperbot_description/meshes/base_link.STL
[0.423s] -- Up-to-date: /home/lazywsl/RobotOperatingSystem2-WSL2/ROS2/bumpberbot_ws/install/bumperbot_description/share/bumperbot_description/meshes/caster_rear_link.STL
[0.423s] -- Up-to-date: /home/lazywsl/RobotOperatingSystem2-WSL2/ROS2/bumpberbot_ws/install/bumperbot_description/share/bumperbot_description/meshes/wheel_right_link.STL
[0.423s] -- Up-to-date: /home/lazywsl/RobotOperatingSystem2-WSL2/ROS2/bumpberbot_ws/install/bumperbot_description/share/bumperbot_description/meshes/wheel_left_link.STL
[0.423s] -- Up-to-date: /home/lazywsl/RobotOperatingSystem2-WSL2/ROS2/bumpberbot_ws/install/bumperbot_description/share/bumperbot_description/meshes/can.STL
[0.423s] -- Up-to-date: /home/lazywsl/RobotOperatingSystem2-WSL2/ROS2/bumpberbot_ws/install/bumperbot_description/share/bumperbot_description/meshes/imu_link.STL
[0.423s] -- Up-to-date: /home/lazywsl/RobotOperatingSystem2-WSL2/ROS2/bumpberbot_ws/install/bumperbot_description/share/bumperbot_description/urdf
[0.423s] -- Up-to-date: /home/lazywsl/RobotOperatingSystem2-WSL2/ROS2/bumpberbot_ws/install/bumperbot_description/share/bumperbot_description/urdf/bumperbot.urdf
[0.423s] -- Installing: /home/lazywsl/RobotOperatingSystem2-WSL2/ROS2/bumpberbot_ws/install/bumperbot_description/share/bumperbot_description/urdf/bumperbot_gazebo.xacro
[0.423s] -- Installing: /home/lazywsl/RobotOperatingSystem2-WSL2/ROS2/bumpberbot_ws/install/bumperbot_description/share/bumperbot_description/urdf/bumperbot.urdf.xacro
[0.423s] -- Up-to-date: /home/lazywsl/RobotOperatingSystem2-WSL2/ROS2/bumpberbot_ws/install/bumperbot_description/share/bumperbot_description/launch
[0.424s] -- Installing: /home/lazywsl/RobotOperatingSystem2-WSL2/ROS2/bumpberbot_ws/install/bumperbot_description/share/bumperbot_description/launch/gazebo.launch.py
[0.424s] -- Up-to-date: /home/lazywsl/RobotOperatingSystem2-WSL2/ROS2/bumpberbot_ws/install/bumperbot_description/share/bumperbot_description/launch/display.launch.py
[0.424s] -- Up-to-date: /home/lazywsl/RobotOperatingSystem2-WSL2/ROS2/bumpberbot_ws/install/bumperbot_description/share/bumperbot_description/rviz2
[0.424s] -- Up-to-date: /home/lazywsl/RobotOperatingSystem2-WSL2/ROS2/bumpberbot_ws/install/bumperbot_description/share/bumperbot_description/rviz2/display.rviz
[0.424s] -- Installing: /home/lazywsl/RobotOperatingSystem2-WSL2/ROS2/bumpberbot_ws/install/bumperbot_description/share/ament_index/resource_index/package_run_dependencies/bumperbot_description
[0.424s] -- Up-to-date: /home/lazywsl/RobotOperatingSystem2-WSL2/ROS2/bumpberbot_ws/install/bumperbot_description/share/ament_index/resource_index/parent_prefix_path/bumperbot_description
[0.424s] -- Up-to-date: /home/lazywsl/RobotOperatingSystem2-WSL2/ROS2/bumpberbot_ws/install/bumperbot_description/share/bumperbot_description/environment/ament_prefix_path.sh
[0.424s] -- Installing: /home/lazywsl/RobotOperatingSystem2-WSL2/ROS2/bumpberbot_ws/install/bumperbot_description/share/bumperbot_description/environment/ament_prefix_path.dsv
[0.425s] -- Up-to-date: /home/lazywsl/RobotOperatingSystem2-WSL2/ROS2/bumpberbot_ws/install/bumperbot_description/share/bumperbot_description/environment/path.sh
[0.425s] -- Installing: /home/lazywsl/RobotOperatingSystem2-WSL2/ROS2/bumpberbot_ws/install/bumperbot_description/share/bumperbot_description/environment/path.dsv
[0.425s] -- Up-to-date: /home/lazywsl/RobotOperatingSystem2-WSL2/ROS2/bumpberbot_ws/install/bumperbot_description/share/bumperbot_description/local_setup.bash
[0.425s] -- Up-to-date: /home/lazywsl/RobotOperatingSystem2-WSL2/ROS2/bumpberbot_ws/install/bumperbot_description/share/bumperbot_description/local_setup.sh
[0.425s] -- Up-to-date: /home/lazywsl/RobotOperatingSystem2-WSL2/ROS2/bumpberbot_ws/install/bumperbot_description/share/bumperbot_description/local_setup.zsh
[0.425s] -- Installing: /home/lazywsl/RobotOperatingSystem2-WSL2/ROS2/bumpberbot_ws/install/bumperbot_description/share/bumperbot_description/local_setup.dsv
[0.425s] -- Installing: /home/lazywsl/RobotOperatingSystem2-WSL2/ROS2/bumpberbot_ws/install/bumperbot_description/share/bumperbot_description/package.dsv
[0.425s] -- Up-to-date: /home/lazywsl/RobotOperatingSystem2-WSL2/ROS2/bumpberbot_ws/install/bumperbot_description/share/ament_index/resource_index/packages/bumperbot_description
[0.426s] -- Up-to-date: /home/lazywsl/RobotOperatingSystem2-WSL2/ROS2/bumpberbot_ws/install/bumperbot_description/share/bumperbot_description/cmake/bumperbot_descriptionConfig.cmake
[0.426s] -- Up-to-date: /home/lazywsl/RobotOperatingSystem2-WSL2/ROS2/bumpberbot_ws/install/bumperbot_description/share/bumperbot_description/cmake/bumperbot_descriptionConfig-version.cmake
[0.426s] -- Installing: /home/lazywsl/RobotOperatingSystem2-WSL2/ROS2/bumpberbot_ws/install/bumperbot_description/share/bumperbot_description/package.xml
[0.428s] Invoked command in '/home/lazywsl/RobotOperatingSystem2-WSL2/ROS2/bumpberbot_ws/build/bumperbot_description' returned '0': CMAKE_PREFIX_PATH=/opt/ros/humble PS1=(lazywsl) \[\e]0;\u@\h: \w\a\]${debian_chroot:+($debian_chroot)}\[\033[01;32m\]\u@\h\[\033[00m\]:\[\033[01;34m\]\w\[\033[00m\]\$ /usr/bin/cmake --install /home/lazywsl/RobotOperatingSystem2-WSL2/ROS2/bumpberbot_ws/build/bumperbot_description
