-- The C compiler identification is GNU 11.4.0
-- The CXX compiler identification is GNU 11.4.0
-- Detecting C compiler ABI info
-- Detecting C compiler ABI info - done
-- Check for working C compiler: /usr/bin/cc - skipped
-- Detecting C compile features
-- Detecting C compile features - done
-- Detecting CXX compiler ABI info
-- Detecting CXX compiler ABI info - done
-- Check for working CXX compiler: /usr/bin/c++ - skipped
-- Detecting CXX compile features
-- Detecting CXX compile features - done
-- Found ament_cmake: 1.3.12 (/opt/ros/humble/share/ament_cmake/cmake)
-- Found Python3: /home/lazywsl/bin/python3 (found version "3.10.12") found components: Interpreter 
-- Found ament_lint_auto: 0.12.14 (/opt/ros/humble/share/ament_lint_auto/cmake)
-- Added test 'cppcheck' to perform static code analysis on C / C++ code
-- Configured cppcheck include dirs: 
-- Configured cppcheck exclude dirs and/or files: 
-- Added test 'lint_cmake' to check CMake code style
-- Added test 'uncrustify' to check C / C++ code style
-- Configured uncrustify additional arguments: 
-- Added test 'xmllint' to check XML markup files
-- Configuring done
-- Generating done
-- Build files have been written to: /home/lazywsl/RobotOperatingSystem2/ROS2/bumpberbot_ws/src/bumperbot_description/build/bumperbot_description
-- Install configuration: ""
-- Installing: /home/lazywsl/RobotOperatingSystem2/ROS2/bumpberbot_ws/src/bumperbot_description/install/bumperbot_description/share/bumperbot_description/meshes
-- Installing: /home/lazywsl/RobotOperatingSystem2/ROS2/bumpberbot_ws/src/bumperbot_description/install/bumperbot_description/share/bumperbot_description/meshes/caster_front_link.STL
-- Installing: /home/lazywsl/RobotOperatingSystem2/ROS2/bumpberbot_ws/src/bumperbot_description/install/bumperbot_description/share/bumperbot_description/meshes/base_link.STL
-- Installing: /home/lazywsl/RobotOperatingSystem2/ROS2/bumpberbot_ws/src/bumperbot_description/install/bumperbot_description/share/bumperbot_description/meshes/caster_rear_link.STL
-- Installing: /home/lazywsl/RobotOperatingSystem2/ROS2/bumpberbot_ws/src/bumperbot_description/install/bumperbot_description/share/bumperbot_description/meshes/wheel_right_link.STL
-- Installing: /home/lazywsl/RobotOperatingSystem2/ROS2/bumpberbot_ws/src/bumperbot_description/install/bumperbot_description/share/bumperbot_description/meshes/wheel_left_link.STL
-- Installing: /home/lazywsl/RobotOperatingSystem2/ROS2/bumpberbot_ws/src/bumperbot_description/install/bumperbot_description/share/bumperbot_description/meshes/imu_link.STL
-- Installing: /home/lazywsl/RobotOperatingSystem2/ROS2/bumpberbot_ws/src/bumperbot_description/install/bumperbot_description/share/bumperbot_description/urdf
-- Installing: /home/lazywsl/RobotOperatingSystem2/ROS2/bumpberbot_ws/src/bumperbot_description/install/bumperbot_description/share/bumperbot_description/urdf/bumperbot.urdf
-- Installing: /home/lazywsl/RobotOperatingSystem2/ROS2/bumpberbot_ws/src/bumperbot_description/install/bumperbot_description/share/bumperbot_description/urdf/bumperbot.urdf.xacro
